{"body":{},"endpoint":"/pokedex","ip":"::1","level":"info","method":"GET","path_parameters":{"0":"pokedex"},"query_parameters":{},"timestamp":"2024-04-15T02:32:33.079Z"}
{"body":{"bst":310,"evolution_stage":1,"height":"4'03''","image":"https://img.pokemondb.net/artwork/avif/stufful.avif","moves":["Tackle","Payback","Hammer Arm","Ice Punch"],"name":"bobo","region_of_origin":"Kanto","secondary_type":"grass","weight_lbs":0.2},"endpoint":"/pokedex","ip":"::1","level":"info","method":"POST","path_parameters":{"0":"pokedex"},"query_parameters":{},"timestamp":"2024-04-15T02:49:36.561Z"}
{"body":{"bst":310,"evolution_stage":1,"height":"4'03''","image":"https://img.pokemondb.net/artwork/avif/stufful.avif","moves":["Tackle","Payback","Hammer Arm","Ice Punch"],"name":"bobo","primary_type":null,"region_of_origin":"Kanto","secondary_type":"grass","weight_lbs":0.2},"endpoint":"/pokedex","ip":"::1","level":"info","method":"POST","path_parameters":{"0":"pokedex"},"query_parameters":{},"timestamp":"2024-04-15T02:50:09.164Z"}
{"body":{"bst":310,"evolution_stage":null,"height":"4'03''","image":"https://img.pokemondb.net/artwork/avif/stufful.avif","moves":["Tackle","Payback","Hammer Arm","Ice Punch"],"name":"bobo","primary_type":"ghost","region_of_origin":"Kanto","secondary_type":"grass","weight_lbs":0.2},"endpoint":"/pokedex","ip":"::1","level":"info","method":"POST","path_parameters":{"0":"pokedex"},"query_parameters":{},"timestamp":"2024-04-15T02:50:22.407Z"}
{"body":{"bst":310,"evolution_stage":1,"height":"4'03''","image":"https://img.pokemondb.net/artwork/avif/stufful.avif","moves":["Tackle","Payback","Hammer Arm","Ice Punch"],"name":"bobo","primary_type":"ghost","region_of_origin":"Kanto","secondary_type":null,"weight_lbs":0.2},"endpoint":"/pokedex","ip":"::1","level":"info","method":"POST","path_parameters":{"0":"pokedex"},"query_parameters":{},"timestamp":"2024-04-15T02:50:32.490Z"}
{"body":{},"endpoint":"/pokedex","ip":"::1","level":"info","method":"GET","path_parameters":{"0":"pokedex"},"query_parameters":{},"timestamp":"2024-04-15T02:52:01.812Z"}
{"body":{},"endpoint":"/pokedex","ip":"::1","level":"info","method":"GET","path_parameters":{"0":"pokedex"},"query_parameters":{},"timestamp":"2024-04-15T02:58:40.418Z"}
{"body":{},"endpoint":"/pokedex","ip":"::1","level":"info","method":"GET","path_parameters":{"0":"pokedex"},"query_parameters":{},"timestamp":"2024-04-15T03:06:01.432Z"}
{"body":{},"endpoint":"/pokedex","ip":"::1","level":"info","method":"GET","path_parameters":{"0":"pokedex"},"query_parameters":{},"timestamp":"2024-04-15T03:06:40.590Z"}
{"body":{},"endpoint":"/pokedex","ip":"::1","level":"info","method":"GET","path_parameters":{"0":"pokedex"},"query_parameters":{},"timestamp":"2024-04-15T03:08:48.419Z"}
{"body":{},"endpoint":"/pokedex","ip":"::1","level":"info","method":"GET","path_parameters":{"0":"pokedex"},"query_parameters":{},"timestamp":"2024-04-15T03:11:24.548Z"}
{"body":{},"endpoint":"/pokedex","ip":"::1","level":"info","method":"GET","path_parameters":{"0":"pokedex"},"query_parameters":{},"timestamp":"2024-04-15T03:12:01.161Z"}
{"body":{},"endpoint":"/pokedex","ip":"::1","level":"info","method":"GET","path_parameters":{"0":"pokedex"},"query_parameters":{},"timestamp":"2024-04-15T03:13:49.648Z"}
{"body":{},"endpoint":"/pokedex","ip":"::1","level":"info","method":"GET","path_parameters":{"0":"pokedex"},"query_parameters":{},"timestamp":"2024-04-15T03:14:12.431Z"}
{"body":{},"endpoint":"/pokedex","ip":"::1","level":"info","method":"GET","path_parameters":{"0":"pokedex"},"query_parameters":{},"timestamp":"2024-04-15T03:27:09.505Z"}
{"body":{},"endpoint":"/pokedex","ip":"::1","level":"info","method":"GET","path_parameters":{"0":"pokedex"},"query_parameters":{},"timestamp":"2024-04-15T03:31:24.435Z"}
{"body":{},"endpoint":"/pokedex","ip":"::1","level":"info","method":"GET","path_parameters":{"0":"pokedex"},"query_parameters":{},"timestamp":"2024-04-15T03:32:08.621Z"}
{"body":{"bst":310,"evolution_stage":1,"height":"4'03''","image":"https://img.pokemondb.net/artwork/avif/stufful.avif","moves":["Tackle","Payback","Hammer Arm","Ice Punch"],"name":"bobo","primary_type":null,"region_of_origin":"Kanto","secondary_type":"grass","weight_lbs":0.2},"endpoint":"/pokedex","ip":"::1","level":"info","method":"POST","path_parameters":{"0":"pokedex"},"query_parameters":{},"timestamp":"2024-04-15T03:32:18.120Z"}
{"body":{},"endpoint":"/pokedex","ip":"::1","level":"info","method":"GET","path_parameters":{"0":"pokedex"},"query_parameters":{},"timestamp":"2024-04-15T03:33:46.053Z"}
{"body":{"bst":310,"evolution_stage":1,"height":"4'03''","image":"https://img.pokemondb.net/artwork/avif/stufful.avif","moves":["Tackle","Payback","Hammer Arm","Ice Punch"],"name":"bobo","primary_type":"null","region_of_origin":"Kanto","secondary_type":"null","weight_lbs":0.2},"endpoint":"/pokedex","ip":"::1","level":"info","method":"POST","path_parameters":{"0":"pokedex"},"query_parameters":{},"timestamp":"2024-04-15T03:34:03.948Z"}
{"body":{"bst":310,"evolution_stage":1,"height":"4'03''","image":"https://img.pokemondb.net/artwork/avif/stufful.avif","moves":["Tackle","Payback","Hammer Arm","Ice Punch"],"name":"bobo","primary_type":"grass","region_of_origin":"Kanto","secondary_type":"null","weight_lbs":0.2},"endpoint":"/pokedex","ip":"::1","level":"info","method":"POST","path_parameters":{"0":"pokedex"},"query_parameters":{},"timestamp":"2024-04-15T03:34:09.551Z"}
{"body":{"bst":310,"evolution_stage":1,"height":"4'03''","image":"https://img.pokemondb.net/artwork/avif/stufful.avif","moves":["Tackle","Payback","Hammer Arm","Ice Punch"],"name":"bobo","primary_type":"grass","region_of_origin":"Kanto","secondary_type":null,"weight_lbs":0.2},"endpoint":"/pokedex","ip":"::1","level":"info","method":"POST","path_parameters":{"0":"pokedex"},"query_parameters":{},"timestamp":"2024-04-15T03:34:14.789Z"}
{"body":{"bst":310,"evolution_stage":1,"height":"4'03''","image":"https://img.pokemondb.net/artwork/avif/stufful.avif","moves":["Tackle","Payback","Hammer Arm","Ice Punch"],"name":"bobo","primary_type":"grass","region_of_origin":"Kanto","secondary_type":"ghost","weight_lbs":0.2},"endpoint":"/pokedex","ip":"::1","level":"info","method":"POST","path_parameters":{"0":"pokedex"},"query_parameters":{},"timestamp":"2024-04-15T03:34:20.259Z"}
{"body":{},"endpoint":"/pokedex","ip":"::1","level":"info","method":"GET","path_parameters":{"0":"pokedex"},"query_parameters":{},"timestamp":"2024-04-15T03:34:39.348Z"}
{"body":{"bst":310,"evolution_stage":1,"height":"4'03''","image":"https://img.pokemondb.net/artwork/avif/stufful.avif","moves":["Tackle","Payback","Hammer Arm","Ice Punch"],"name":"bobo","primary_type":"grass","region_of_origin":"Kanto","secondary_type":"ghost","weight_lbs":0.2},"endpoint":"/pokedex","ip":"::1","level":"info","method":"POST","path_parameters":{"0":"pokedex"},"query_parameters":{},"timestamp":"2024-04-15T03:34:41.229Z"}
{"body":{},"endpoint":"/pokedex","ip":"::1","level":"info","method":"GET","path_parameters":{"0":"pokedex"},"query_parameters":{},"timestamp":"2024-04-15T03:35:13.768Z"}
{"body":{"bst":310,"evolution_stage":1,"height":"4'03'","image":"https://img.pokemondb.net/artwork/avif/stufful.avif","moves":["Tackle","Payback","Hammer Arm","Ice Punch"],"name":"bobo","primary_type":"grass","region_of_origin":"Kanto","secondary_type":"ghost","weight_lbs":0.2},"endpoint":"/pokedex","ip":"::1","level":"info","method":"POST","path_parameters":{"0":"pokedex"},"query_parameters":{},"timestamp":"2024-04-15T03:35:16.215Z"}
{"body":{"bst":310,"evolution_stage":1,"height":"4'03''","image":"https://img.pokemondb.net/artwork/avif/stufful.avif","moves":["Tackle","Payback","Hammer Arm","Ice Punch"],"name":"bobo","primary_type":"grass","region_of_origin":"Kanto","secondary_type":"ghost","weight_lbs":0.2},"endpoint":"/pokedex","ip":"::1","level":"info","method":"POST","path_parameters":{"0":"pokedex"},"query_parameters":{},"timestamp":"2024-04-15T03:35:23.655Z"}
{"body":{},"endpoint":"/pokedex","ip":"::1","level":"info","method":"GET","path_parameters":{"0":"pokedex"},"query_parameters":{},"timestamp":"2024-04-15T03:36:01.680Z"}
{"body":{"bst":310,"evolution_stage":1,"height":"4'03''","image":"https://img.pokemondb.net/artwork/avif/stufful.avif","moves":["Tackle","Payback","Hammer Arm","Ice Punch"],"name":"bobo","primary_type":"grass","region_of_origin":"Kanto","secondary_type":"ghost","weight_lbs":0.2},"endpoint":"/pokedex","ip":"::1","level":"info","method":"POST","path_parameters":{"0":"pokedex"},"query_parameters":{},"timestamp":"2024-04-15T03:36:05.192Z"}
{"body":{"bst":310,"evolution_stage":1,"height":"4'03''","image":"https://img.pokemondb.net/artwork/avif/stufful.avif","moves":["Tackle","Payback","Hammer Arm","Ice Punch"],"name":"bobo","primary_type":"grass","region_of_origin":"Kanto","secondary_type":null,"weight_lbs":0.2},"endpoint":"/pokedex","ip":"::1","level":"info","method":"POST","path_parameters":{"0":"pokedex"},"query_parameters":{},"timestamp":"2024-04-15T03:36:13.620Z"}
{"body":{},"endpoint":"/pokedex","ip":"::1","level":"info","method":"GET","path_parameters":{"0":"pokedex"},"query_parameters":{},"timestamp":"2024-04-15T03:37:26.405Z"}
{"body":{"bst":310,"evolution_stage":1,"height":"4'03''","image":"https://img.pokemondb.net/artwork/avif/stufful.avif","moves":["Tackle","Payback","Hammer Arm","Ice Punch"],"name":"bobo","primary_type":"grass","region_of_origin":"Kanto","secondary_type":null,"weight_lbs":0.2},"endpoint":"/pokedex","ip":"::1","level":"info","method":"POST","path_parameters":{"0":"pokedex"},"query_parameters":{},"timestamp":"2024-04-15T03:37:28.901Z"}
{"body":{"bst":310,"evolution_stage":1,"height":"4'03''","image":"https://img.pokemondb.net/artwork/avif/stufful.avif","moves":["Tackle","Payback","Hammer Arm","Ice Punch"],"name":"bobo","primary_type":"grass","region_of_origin":"Kanto","secondary_type":"ghost","weight_lbs":0.2},"endpoint":"/pokedex","ip":"::1","level":"info","method":"POST","path_parameters":{"0":"pokedex"},"query_parameters":{},"timestamp":"2024-04-15T03:37:40.714Z"}
{"body":{},"endpoint":"/pokedex","ip":"::1","level":"info","method":"GET","path_parameters":{"0":"pokedex"},"query_parameters":{},"timestamp":"2024-04-15T03:38:26.486Z"}
{"body":{"bst":310,"evolution_stage":null,"height":"4'03''","image":"https://img.pokemondb.net/artwork/avif/stufful.avif","moves":["Tackle","Payback","Hammer Arm","Ice Punch"],"name":"bobo","primary_type":"grass","region_of_origin":"Kanto","secondary_type":"ghost","weight_lbs":0.2},"endpoint":"/pokedex","ip":"::1","level":"info","method":"POST","path_parameters":{"0":"pokedex"},"query_parameters":{},"timestamp":"2024-04-15T03:38:34.908Z"}
{"body":{},"endpoint":"/pokedex","ip":"::1","level":"info","method":"GET","path_parameters":{"0":"pokedex"},"query_parameters":{},"timestamp":"2024-04-15T03:42:56.795Z"}
{"body":{},"endpoint":"/getRandomPokemon","ip":"::1","level":"info","method":"GET","path_parameters":{"0":"getRandomPokemon"},"query_parameters":{},"timestamp":"2024-04-15T03:43:00.745Z"}
{"body":{},"endpoint":"/getRandomPokemon","ip":"::1","level":"info","method":"GET","path_parameters":{"0":"getRandomPokemon"},"query_parameters":{},"timestamp":"2024-04-15T03:43:40.121Z"}
{"body":{},"endpoint":"/getRandomPokemon","ip":"::1","level":"info","method":"GET","path_parameters":{"0":"getRandomPokemon"},"query_parameters":{},"timestamp":"2024-04-15T03:43:44.160Z"}
{"body":{},"endpoint":"/getRandomPokemon","ip":"::1","level":"info","method":"GET","path_parameters":{"0":"getRandomPokemon"},"query_parameters":{},"timestamp":"2024-04-15T03:43:45.703Z"}
{"body":{},"endpoint":"/pokedex","ip":"::1","level":"info","method":"GET","path_parameters":{"0":"pokedex"},"query_parameters":{},"timestamp":"2024-04-15T03:44:01.196Z"}
{"body":{},"endpoint":"/getRandomPokemon","ip":"::1","level":"info","method":"GET","path_parameters":{"0":"getRandomPokemon"},"query_parameters":{},"timestamp":"2024-04-15T03:44:14.622Z"}
{"body":{},"endpoint":"/getRandomPokemon","ip":"::1","level":"info","method":"GET","path_parameters":{"0":"getRandomPokemon"},"query_parameters":{},"timestamp":"2024-04-15T03:44:15.841Z"}
{"body":{},"endpoint":"/getRandomPokemon","ip":"::1","level":"info","method":"GET","path_parameters":{"0":"getRandomPokemon"},"query_parameters":{},"timestamp":"2024-04-15T03:44:16.731Z"}
{"body":{},"endpoint":"/getRandomPokemon","ip":"::1","level":"info","method":"GET","path_parameters":{"0":"getRandomPokemon"},"query_parameters":{},"timestamp":"2024-04-15T03:44:17.609Z"}
{"body":{},"endpoint":"/getRandomPokemon","ip":"::1","level":"info","method":"GET","path_parameters":{"0":"getRandomPokemon"},"query_parameters":{},"timestamp":"2024-04-15T03:44:19.092Z"}
{"body":{},"endpoint":"/getRandomPokemon","ip":"::1","level":"info","method":"GET","path_parameters":{"0":"getRandomPokemon"},"query_parameters":{},"timestamp":"2024-04-15T03:44:20.869Z"}
{"body":{},"endpoint":"/getRandomPokemon","ip":"::1","level":"info","method":"GET","path_parameters":{"0":"getRandomPokemon"},"query_parameters":{},"timestamp":"2024-04-15T03:44:21.715Z"}
{"body":{},"endpoint":"/getRandomPokemon","ip":"::1","level":"info","method":"GET","path_parameters":{"0":"getRandomPokemon"},"query_parameters":{},"timestamp":"2024-04-15T03:44:22.907Z"}
{"body":{},"endpoint":"/getRandomPokemon","ip":"::1","level":"info","method":"GET","path_parameters":{"0":"getRandomPokemon"},"query_parameters":{},"timestamp":"2024-04-15T03:44:40.028Z"}
{"body":{},"endpoint":"/getRandomPokemon","ip":"::1","level":"info","method":"GET","path_parameters":{"0":"getRandomPokemon"},"query_parameters":{},"timestamp":"2024-04-15T03:45:05.701Z"}
{"body":{},"endpoint":"/getRandomPokemon","ip":"::1","level":"info","method":"GET","path_parameters":{"0":"getRandomPokemon"},"query_parameters":{},"timestamp":"2024-04-15T03:45:07.001Z"}
{"body":{},"endpoint":"/getRandomPokemon","ip":"::1","level":"info","method":"GET","path_parameters":{"0":"getRandomPokemon"},"query_parameters":{},"timestamp":"2024-04-15T03:45:08.189Z"}
{"body":{},"endpoint":"/getRandomPokemon","ip":"::1","level":"info","method":"GET","path_parameters":{"0":"getRandomPokemon"},"query_parameters":{},"timestamp":"2024-04-15T03:45:10.745Z"}
{"body":{},"endpoint":"/getRandomPokemon","ip":"::1","level":"info","method":"GET","path_parameters":{"0":"getRandomPokemon"},"query_parameters":{},"timestamp":"2024-04-15T03:45:11.684Z"}
{"body":{},"endpoint":"/getRandomPokemon","ip":"::1","level":"info","method":"GET","path_parameters":{"0":"getRandomPokemon"},"query_parameters":{},"timestamp":"2024-04-15T03:45:12.837Z"}
{"body":{},"endpoint":"/getRandomPokemon","ip":"::1","level":"info","method":"GET","path_parameters":{"0":"getRandomPokemon"},"query_parameters":{},"timestamp":"2024-04-15T03:45:13.844Z"}
{"body":{},"endpoint":"/getRandomPokemon","ip":"::1","level":"info","method":"GET","path_parameters":{"0":"getRandomPokemon"},"query_parameters":{},"timestamp":"2024-04-15T03:45:14.893Z"}
{"body":{},"endpoint":"/getRandomPokemon","ip":"::1","level":"info","method":"GET","path_parameters":{"0":"getRandomPokemon"},"query_parameters":{},"timestamp":"2024-04-15T03:45:15.882Z"}
{"body":{},"endpoint":"/getRandomPokemon","ip":"::1","level":"info","method":"GET","path_parameters":{"0":"getRandomPokemon"},"query_parameters":{},"timestamp":"2024-04-15T03:45:16.991Z"}
{"body":{},"endpoint":"/pokedex","ip":"::1","level":"info","method":"GET","path_parameters":{"0":"pokedex"},"query_parameters":{},"timestamp":"2024-04-15T13:17:39.721Z"}
{"body":{},"endpoint":"/pokedex","ip":"::1","level":"info","method":"GET","path_parameters":{"0":"pokedex"},"query_parameters":{},"timestamp":"2024-04-15T13:20:54.290Z"}
{"body":{"bst":310,"evolution_stage":null,"height":"4'03''","image":"https://img.pokemondb.net/artwork/avif/stufful.avif","moves":["Tackle","Payback","Hammer Arm","Ice Punch"],"name":"bobo","primary_type":"grass","region_of_origin":"Kanto","secondary_type":"ghost","weight_lbs":0.2},"endpoint":"/pokedex","ip":"::1","level":"info","method":"POST","path_parameters":{"0":"pokedex"},"query_parameters":{},"timestamp":"2024-04-15T13:32:45.312Z"}
{"body":{},"endpoint":"/pokedex","ip":"::1","level":"info","method":"GET","path_parameters":{"0":"pokedex"},"query_parameters":{},"timestamp":"2024-04-15T13:33:05.741Z"}
{"body":{"bst":310,"evolution_stage":null,"height":"4'03'","image":"https://img.pokemondb.net/artwork/avif/stufful.avif","moves":["Tackle","Payback","Hammer Arm","Ice Punch"],"name":"bobo","primary_type":"grass","region_of_origin":"Kanto","secondary_type":"ghost","weight_lbs":0.2},"endpoint":"/pokedex","ip":"::1","level":"info","method":"POST","path_parameters":{"0":"pokedex"},"query_parameters":{},"timestamp":"2024-04-15T13:33:21.124Z"}
{"body":{"bst":310,"evolution_stage":null,"height":"4'03''","image":"https://img.pokemondb.net/artwork/avif/stufful.avif","moves":["Tackle","Payback","Hammer Arm","Ice Punch"],"name":"bobo","primary_type":"grass","region_of_origin":"Kanto","secondary_type":"ghost","weight_lbs":0.2},"endpoint":"/pokedex","ip":"::1","level":"info","method":"POST","path_parameters":{"0":"pokedex"},"query_parameters":{},"timestamp":"2024-04-15T13:33:25.592Z"}
{"body":{},"endpoint":"/pokedex","ip":"::1","level":"info","method":"GET","path_parameters":{"0":"pokedex"},"query_parameters":{},"timestamp":"2024-04-15T13:33:40.305Z"}
{"body":{"bst":310,"evolution_stage":null,"height":"4'03''","image":"https://img.pokemondb.net/artwork/avif/stufful.avif","moves":["Tackle","Payback","Hammer Arm","Ice Punch"],"name":"bobo","primary_type":"grass","region_of_origin":"Kanto","secondary_type":"ghost","weight_lbs":0.2},"endpoint":"/pokedex","ip":"::1","level":"info","method":"POST","path_parameters":{"0":"pokedex"},"query_parameters":{},"timestamp":"2024-04-15T13:33:43.659Z"}
{"body":{"bst":310,"evolution_stage":null,"height":"4'03'","image":"https://img.pokemondb.net/artwork/avif/stufful.avif","moves":["Tackle","Payback","Hammer Arm","Ice Punch"],"name":"bobo","primary_type":"grass","region_of_origin":"Kanto","secondary_type":"ghost","weight_lbs":0.2},"endpoint":"/pokedex","ip":"::1","level":"info","method":"POST","path_parameters":{"0":"pokedex"},"query_parameters":{},"timestamp":"2024-04-15T13:34:06.907Z"}
{"body":{},"endpoint":"/pokedex","ip":"::1","level":"info","method":"GET","path_parameters":{"0":"pokedex"},"query_parameters":{},"timestamp":"2024-04-15T13:34:43.486Z"}
{"body":{"bst":310,"evolution_stage":2,"height":"4'03''","image":"https://img.pokemondb.net/artwork/avif/stufful.avif","moves":["Tackle","Payback","Hammer Arm","Ice Punch"],"name":"bobo","primary_type":"grass","region_of_origin":"Kanto","secondary_type":null,"weight_lbs":0.2},"endpoint":"/pokedex","ip":"::1","level":"info","method":"POST","path_parameters":{"0":"pokedex"},"query_parameters":{},"timestamp":"2024-04-15T13:34:55.457Z"}
{"body":{},"endpoint":"/pokedex","ip":"::1","level":"info","method":"GET","path_parameters":{"0":"pokedex"},"query_parameters":{},"timestamp":"2024-04-15T13:35:55.287Z"}
{"body":{"bst":310,"evolution_stage":2,"height":"4'03''","image":"https://img.pokemondb.net/artwork/avif/stufful.avif","moves":["Tackle","Payback","Hammer Arm","Ice Punch"],"name":"bobo","primary_type":"grass","region_of_origin":"Kanto","secondary_type":null,"weight_lbs":0.2},"endpoint":"/pokedex","ip":"::1","level":"info","method":"POST","path_parameters":{"0":"pokedex"},"query_parameters":{},"timestamp":"2024-04-15T13:35:59.800Z"}
{"body":{"bst":310,"evolution_stage":2,"height":"4'03''","image":"https://img.pokemondb.net/artwork/avif/stufful.avif","moves":["Tackle","Payback","Hammer Arm","Ice Punch"],"name":"bobo","primary_type":"grass","region_of_origin":"Kanto","secondary_type":"ghost","weight_lbs":0.2},"endpoint":"/pokedex","ip":"::1","level":"info","method":"POST","path_parameters":{"0":"pokedex"},"query_parameters":{},"timestamp":"2024-04-15T13:36:15.073Z"}
{"body":{"bst":310,"evolution_stage":null,"height":"4'03''","image":"https://img.pokemondb.net/artwork/avif/stufful.avif","moves":["Tackle","Payback","Hammer Arm","Ice Punch"],"name":"bobo","primary_type":"grass","region_of_origin":"Kanto","secondary_type":"ghost","weight_lbs":0.2},"endpoint":"/pokedex","ip":"::1","level":"info","method":"POST","path_parameters":{"0":"pokedex"},"query_parameters":{},"timestamp":"2024-04-15T13:36:20.299Z"}
{"body":{},"endpoint":"/pokedex","ip":"::1","level":"info","method":"GET","path_parameters":{"0":"pokedex"},"query_parameters":{},"timestamp":"2024-04-15T13:37:39.737Z"}
{"body":{"bst":310,"evolution_stage":null,"height":"4'03''","image":"https://img.pokemondb.net/artwork/avif/stufful.avif","moves":["Tackle","Payback","Hammer Arm","Ice Punch"],"name":"bobo","primary_type":"grass","region_of_origin":"Kanto","secondary_type":"ghost","weight_lbs":0.2},"endpoint":"/pokedex","ip":"::1","level":"info","method":"POST","path_parameters":{"0":"pokedex"},"query_parameters":{},"timestamp":"2024-04-15T13:37:43.596Z"}
{"body":{},"endpoint":"/pokedex","ip":"::1","level":"info","method":"GET","path_parameters":{"0":"pokedex"},"query_parameters":{},"timestamp":"2024-04-15T14:45:54.322Z"}
{"body":{},"endpoint":"/pokedex","ip":"::1","level":"info","method":"GET","path_parameters":{"0":"pokedex"},"query_parameters":{},"timestamp":"2024-04-15T19:31:35.522Z"}
{"body":{},"endpoint":"/pokedex","ip":"::1","level":"info","method":"GET","path_parameters":{"0":"pokedex"},"query_parameters":{},"timestamp":"2024-04-15T19:32:02.377Z"}
{"body":{},"endpoint":"/pokedex","ip":"::1","level":"info","method":"GET","path_parameters":{"0":"pokedex"},"query_parameters":{},"timestamp":"2024-04-15T19:32:17.811Z"}
{"body":{},"endpoint":"/pokedex","ip":"::1","level":"info","method":"GET","path_parameters":{"0":"pokedex"},"query_parameters":{},"timestamp":"2024-04-15T19:33:13.333Z"}
{"body":{},"endpoint":"/party","ip":"::1","level":"info","method":"GET","path_parameters":{"0":"party"},"query_parameters":{},"timestamp":"2024-04-15T19:33:31.867Z"}
{"body":{},"endpoint":"/pokedex","ip":"::1","level":"info","method":"GET","path_parameters":{"0":"pokedex"},"query_parameters":{},"timestamp":"2024-04-15T19:36:35.212Z"}
{"body":{},"endpoint":"/party","ip":"::1","level":"info","method":"GET","path_parameters":{"0":"party"},"query_parameters":{},"timestamp":"2024-04-15T19:36:38.580Z"}
{"body":{},"endpoint":"/pokedex","ip":"::1","level":"info","method":"GET","path_parameters":{"0":"pokedex"},"query_parameters":{},"timestamp":"2024-04-15T19:38:40.657Z"}
{"body":{},"endpoint":"/playerParty","ip":"::1","level":"info","method":"GET","path_parameters":{"0":"playerParty"},"query_parameters":{},"timestamp":"2024-04-15T19:39:00.618Z"}
{"body":{},"endpoint":"/enemyParty","ip":"::1","level":"info","method":"GET","path_parameters":{"0":"enemyParty"},"query_parameters":{},"timestamp":"2024-04-15T19:43:22.301Z"}
{"body":{},"endpoint":"/playerParty","ip":"::1","level":"info","method":"GET","path_parameters":{"0":"playerParty"},"query_parameters":{},"timestamp":"2024-04-15T19:48:32.494Z"}
{"body":{},"endpoint":"/playerParty","ip":"::1","level":"info","method":"GET","path_parameters":{"0":"playerParty"},"query_parameters":{},"timestamp":"2024-04-15T19:58:08.058Z"}
{"body":{},"endpoint":"/oppoParty","ip":"::1","level":"info","method":"GET","path_parameters":{"0":"oppoParty"},"query_parameters":{},"timestamp":"2024-04-16T02:17:04.982Z"}
{"body":{},"endpoint":"/oppoParty","ip":"::1","level":"info","method":"GET","path_parameters":{"0":"oppoParty"},"query_parameters":{},"timestamp":"2024-04-16T02:17:18.130Z"}
{"body":{},"endpoint":"/oppoParty","ip":"::1","level":"info","method":"GET","path_parameters":{"0":"oppoParty"},"query_parameters":{},"timestamp":"2024-04-16T02:18:14.575Z"}
{"body":{},"endpoint":"/pokedex","ip":"::1","level":"info","method":"GET","path_parameters":{"0":"pokedex"},"query_parameters":{},"timestamp":"2024-04-16T02:51:44.841Z"}
{"body":{},"endpoint":"/playerParty","ip":"::1","level":"info","method":"GET","path_parameters":{"0":"playerParty"},"query_parameters":{},"timestamp":"2024-04-16T02:52:03.134Z"}
{"body":{},"endpoint":"/playerParty","ip":"::1","level":"info","method":"GET","path_parameters":{"0":"playerParty"},"query_parameters":{},"timestamp":"2024-04-16T02:52:12.816Z"}
{"body":{},"endpoint":"/playerParty","ip":"::1","level":"info","method":"GET","path_parameters":{"0":"playerParty"},"query_parameters":{},"timestamp":"2024-04-16T13:07:25.986Z"}
{"body":{},"endpoint":"/playerParty","ip":"::1","level":"info","method":"GET","path_parameters":{"0":"playerParty"},"query_parameters":{},"timestamp":"2024-04-16T13:41:03.993Z"}
{"body":{},"endpoint":"/playerParty","ip":"::1","level":"info","method":"GET","path_parameters":{"0":"playerParty"},"query_parameters":{},"timestamp":"2024-04-16T13:41:25.385Z"}
{"body":{},"endpoint":"/playerParty","ip":"::1","level":"info","method":"GET","path_parameters":{"0":"playerParty"},"query_parameters":{},"timestamp":"2024-04-16T13:42:44.704Z"}
{"body":{},"endpoint":"/pokedex","ip":"::1","level":"info","method":"GET","path_parameters":{"0":"pokedex"},"query_parameters":{"pokemonParty":""},"timestamp":"2024-04-16T14:06:55.103Z"}
{"body":{},"endpoint":"/pokedex","errorCode":400,"ip":"::1","level":"info","message":"Query parameters do not meet requirements","method":"GET","path_parameters":{},"query_parameters":{"pokemonParty":""},"timestamp":"2024-04-16T14:06:55.161Z"}
{"body":{},"endpoint":"/pokedex","ip":"::1","level":"info","method":"GET","path_parameters":{"0":"pokedex"},"query_parameters":{"pokemonParty":""},"timestamp":"2024-04-16T14:08:07.489Z"}
{"body":{},"endpoint":"/pokedex","ip":"::1","level":"info","method":"GET","path_parameters":{"0":"pokedex"},"query_parameters":{"pokemonParty":""},"timestamp":"2024-04-16T14:08:57.070Z"}
{"body":{},"endpoint":"/pokedex","ip":"::1","level":"info","method":"GET","path_parameters":{"0":"pokedex"},"query_parameters":{"id":"5"},"timestamp":"2024-04-16T14:09:21.642Z"}
{"body":{},"endpoint":"/pokedex","ip":"::1","level":"info","method":"GET","path_parameters":{"0":"pokedex"},"query_parameters":{"id":"5"},"timestamp":"2024-04-16T14:10:17.868Z"}
{"body":{},"endpoint":"/pokedex","ip":"::1","level":"info","method":"GET","path_parameters":{"0":"pokedex"},"query_parameters":{"id":"5"},"timestamp":"2024-04-16T14:10:57.884Z"}
{"body":{},"endpoint":"/pokedex","ip":"::1","level":"info","method":"GET","path_parameters":{"0":"pokedex"},"query_parameters":{"pokemonParty":""},"timestamp":"2024-04-16T14:11:08.362Z"}
{"body":{},"endpoint":"/pokedex","ip":"::1","level":"info","method":"GET","path_parameters":{"0":"pokedex"},"query_parameters":{"partyPokemon":""},"timestamp":"2024-04-16T14:12:48.762Z"}
{"body":{},"endpoint":"/pokedex","errorCode":400,"ip":"::1","level":"info","message":"Query parameters do not meet requirements","method":"GET","path_parameters":{},"query_parameters":{"partyPokemon":""},"timestamp":"2024-04-16T14:12:48.793Z"}
{"body":{},"endpoint":"/pokedex","ip":"::1","level":"info","method":"GET","path_parameters":{"0":"pokedex"},"query_parameters":{"partyPokemon":""},"timestamp":"2024-04-16T14:13:54.239Z"}
{"body":{},"endpoint":"/pokedex","ip":"::1","level":"info","method":"GET","path_parameters":{"0":"pokedex"},"query_parameters":{"oppoPokemon":""},"timestamp":"2024-04-16T14:19:13.433Z"}
{"body":{},"endpoint":"/pokedex","ip":"::1","level":"info","method":"GET","path_parameters":{"0":"pokedex"},"query_parameters":{"oppoPokemon":""},"timestamp":"2024-04-16T14:21:37.308Z"}
{"body":{},"endpoint":"/pokedex","ip":"::1","level":"info","method":"GET","path_parameters":{"0":"pokedex"},"query_parameters":{"partyPokemon":""},"timestamp":"2024-04-16T14:34:10.593Z"}
{"body":{},"endpoint":"/pokedex","ip":"::1","level":"info","method":"GET","path_parameters":{"0":"pokedex"},"query_parameters":{"partyPokemon":""},"timestamp":"2024-04-16T14:37:04.345Z"}
{"body":{},"endpoint":"/pokedex","ip":"::1","level":"info","method":"GET","path_parameters":{"0":"pokedex"},"query_parameters":{"partyPokemon":""},"timestamp":"2024-04-16T14:37:28.661Z"}
{"body":{},"endpoint":"/pokedex","ip":"::1","level":"info","method":"GET","path_parameters":{"0":"pokedex"},"query_parameters":{"partyPokemon":""},"timestamp":"2024-04-16T14:41:40.912Z"}
{"body":{},"endpoint":"/pokedex","ip":"::1","level":"info","method":"GET","path_parameters":{"0":"pokedex"},"query_parameters":{"partyPokemon":""},"timestamp":"2024-04-16T14:42:23.265Z"}
{"body":{},"endpoint":"/pokedex","ip":"::1","level":"info","method":"GET","path_parameters":{"0":"pokedex"},"query_parameters":{"partyPokemon":""},"timestamp":"2024-04-16T14:43:23.463Z"}
{"body":{},"endpoint":"/pokedex","ip":"::1","level":"info","method":"GET","path_parameters":{"0":"pokedex"},"query_parameters":{"partyPokemon":""},"timestamp":"2024-04-16T14:43:31.125Z"}
{"body":{},"endpoint":"/pokedex","ip":"::1","level":"info","method":"GET","path_parameters":{"0":"pokedex"},"query_parameters":{"partyPokemon":""},"timestamp":"2024-04-16T14:43:46.758Z"}
{"body":{},"endpoint":"/pokedex","ip":"::1","level":"info","method":"GET","path_parameters":{"0":"pokedex"},"query_parameters":{"partyPokemon":""},"timestamp":"2024-04-16T14:44:01.550Z"}
{"body":{},"endpoint":"/pokedex","ip":"::1","level":"info","method":"GET","path_parameters":{"0":"pokedex"},"query_parameters":{"partyPokemon":""},"timestamp":"2024-04-16T14:44:39.954Z"}
{"body":{},"endpoint":"/pokedex","ip":"::1","level":"info","method":"GET","path_parameters":{"0":"pokedex"},"query_parameters":{"partyPokemon":""},"timestamp":"2024-04-16T14:45:35.819Z"}
{"body":{},"endpoint":"/pokedex","ip":"::1","level":"info","method":"GET","path_parameters":{"0":"pokedex"},"query_parameters":{"partyPokemon":""},"timestamp":"2024-04-16T14:45:40.014Z"}
{"body":{},"endpoint":"/pokedex","ip":"::1","level":"info","method":"GET","path_parameters":{"0":"pokedex"},"query_parameters":{"partyPokemon":""},"timestamp":"2024-04-16T14:52:09.729Z"}
{"body":{},"endpoint":"/pokedex","ip":"::1","level":"info","method":"GET","path_parameters":{"0":"pokedex"},"query_parameters":{"partyPokemon":""},"timestamp":"2024-04-16T14:52:12.651Z"}
{"body":{},"endpoint":"/pokedex","ip":"::1","level":"info","method":"GET","path_parameters":{"0":"pokedex"},"query_parameters":{"partyPokemon":""},"timestamp":"2024-04-16T15:16:01.025Z"}
{"body":{},"endpoint":"/pokedex","ip":"::1","level":"info","method":"GET","path_parameters":{"0":"pokedex"},"query_parameters":{"partyPokemon":""},"timestamp":"2024-04-16T15:16:05.038Z"}
{"body":{},"endpoint":"/pokedex","ip":"::1","level":"info","method":"GET","path_parameters":{"0":"pokedex"},"query_parameters":{"partyPokemon":""},"timestamp":"2024-04-16T15:20:16.425Z"}
{"body":{},"endpoint":"/pokedex","ip":"::1","level":"info","method":"GET","path_parameters":{"0":"pokedex"},"query_parameters":{"partyPokemon":""},"timestamp":"2024-04-16T15:21:22.903Z"}
{"body":{},"endpoint":"/pokedex","ip":"::1","level":"info","method":"GET","path_parameters":{"0":"pokedex"},"query_parameters":{"partyPokemon":""},"timestamp":"2024-04-16T15:23:01.218Z"}
{"body":{},"endpoint":"/pokedex","ip":"::1","level":"info","method":"GET","path_parameters":{"0":"pokedex"},"query_parameters":{"partyPokemon":""},"timestamp":"2024-04-16T15:24:08.085Z"}
{"body":{},"endpoint":"/pokedex","ip":"::1","level":"info","method":"GET","path_parameters":{"0":"pokedex"},"query_parameters":{"partyPokemon":""},"timestamp":"2024-04-16T15:48:12.606Z"}
{"body":{},"endpoint":"/pokedex","ip":"::1","level":"info","method":"GET","path_parameters":{"0":"pokedex"},"query_parameters":{"partyPokemon":""},"timestamp":"2024-04-16T15:48:25.213Z"}
{"body":{},"endpoint":"/pokedex","ip":"::1","level":"info","method":"GET","path_parameters":{"0":"pokedex"},"query_parameters":{"partyPokemon":""},"timestamp":"2024-04-16T15:50:57.769Z"}
{"body":{},"endpoint":"/pokedex","ip":"::1","level":"info","method":"GET","path_parameters":{"0":"pokedex"},"query_parameters":{"partyPokemon":""},"timestamp":"2024-04-16T15:53:24.310Z"}
{"body":{},"endpoint":"/pokedex","ip":"::1","level":"info","method":"GET","path_parameters":{"0":"pokedex"},"query_parameters":{"partyPokemon":""},"timestamp":"2024-04-16T15:56:36.826Z"}
{"body":{},"endpoint":"/pokedex","ip":"::1","level":"info","method":"GET","path_parameters":{"0":"pokedex"},"query_parameters":{"partyPokemon":""},"timestamp":"2024-04-16T18:22:02.113Z"}
{"body":{},"endpoint":"/pokedex","ip":"::1","level":"info","method":"GET","path_parameters":{"0":"pokedex"},"query_parameters":{"partyPokemon":""},"timestamp":"2024-04-16T18:22:20.003Z"}
{"body":{},"endpoint":"/pokedex","ip":"::1","level":"info","method":"GET","path_parameters":{"0":"pokedex"},"query_parameters":{"partyPokemon":""},"timestamp":"2024-04-16T18:22:39.234Z"}
{"body":{},"endpoint":"/pokedex","ip":"::1","level":"info","method":"GET","path_parameters":{"0":"pokedex"},"query_parameters":{"partyPokemon":""},"timestamp":"2024-04-16T18:36:58.335Z"}
{"body":{},"endpoint":"/pokedex","ip":"::1","level":"info","method":"GET","path_parameters":{"0":"pokedex"},"query_parameters":{"partyPokemon":""},"timestamp":"2024-04-16T18:39:28.668Z"}
{"body":{},"endpoint":"/pokedex","ip":"::1","level":"info","method":"GET","path_parameters":{"0":"pokedex"},"query_parameters":{"partyPokemon":""},"timestamp":"2024-04-16T18:39:54.587Z"}
{"body":{},"endpoint":"/pokedex","ip":"::1","level":"info","method":"GET","path_parameters":{"0":"pokedex"},"query_parameters":{"partyPokemon":""},"timestamp":"2024-04-16T18:40:57.544Z"}
{"body":{},"endpoint":"/pokedex","ip":"::1","level":"info","method":"GET","path_parameters":{"0":"pokedex"},"query_parameters":{"partyPokemon":""},"timestamp":"2024-04-16T18:41:48.000Z"}
{"body":{},"endpoint":"/pokedex","ip":"::1","level":"info","method":"GET","path_parameters":{"0":"pokedex"},"query_parameters":{"partyPokemon":""},"timestamp":"2024-04-16T18:42:28.160Z"}
{"body":{},"endpoint":"/pokedex","ip":"::1","level":"info","method":"GET","path_parameters":{"0":"pokedex"},"query_parameters":{"partyPokemon":""},"timestamp":"2024-04-16T18:54:29.146Z"}
{"body":{},"endpoint":"/pokedex","ip":"::1","level":"info","method":"GET","path_parameters":{"0":"pokedex"},"query_parameters":{"partyPokemon":""},"timestamp":"2024-04-16T18:56:44.681Z"}
{"body":{},"endpoint":"/pokedex","ip":"::1","level":"info","method":"GET","path_parameters":{"0":"pokedex"},"query_parameters":{"partyPokemon":""},"timestamp":"2024-04-16T18:57:09.680Z"}
{"body":{},"endpoint":"/pokedex","ip":"::1","level":"info","method":"GET","path_parameters":{"0":"pokedex"},"query_parameters":{"partyPokemon":""},"timestamp":"2024-04-16T18:59:05.666Z"}
{"body":{},"endpoint":"/pokedex","ip":"::1","level":"info","method":"GET","path_parameters":{"0":"pokedex"},"query_parameters":{"partyPokemon":""},"timestamp":"2024-04-16T19:00:47.531Z"}
{"body":{},"endpoint":"/pokedex","ip":"::1","level":"info","method":"GET","path_parameters":{"0":"pokedex"},"query_parameters":{"partyPokemon":""},"timestamp":"2024-04-16T19:01:12.224Z"}
{"body":{},"endpoint":"/pokedex","ip":"::1","level":"info","method":"GET","path_parameters":{"0":"pokedex"},"query_parameters":{"partyPokemon":""},"timestamp":"2024-04-16T19:06:15.785Z"}
{"body":{},"endpoint":"/pokedex","ip":"::1","level":"info","method":"GET","path_parameters":{"0":"pokedex"},"query_parameters":{"partyPokemon":""},"timestamp":"2024-04-16T19:07:12.803Z"}
{"body":{},"endpoint":"/pokedex","ip":"::1","level":"info","method":"GET","path_parameters":{"0":"pokedex"},"query_parameters":{"partyPokemon":""},"timestamp":"2024-04-16T19:08:29.521Z"}
{"body":{},"endpoint":"/pokedex","ip":"::1","level":"info","method":"GET","path_parameters":{"0":"pokedex"},"query_parameters":{"partyPokemon":""},"timestamp":"2024-04-16T19:08:51.006Z"}
{"body":{},"endpoint":"/pokedex","ip":"::1","level":"info","method":"GET","path_parameters":{"0":"pokedex"},"query_parameters":{"partyPokemon":""},"timestamp":"2024-04-16T19:09:29.444Z"}
{"body":{},"endpoint":"/pokedex","ip":"::1","level":"info","method":"GET","path_parameters":{"0":"pokedex"},"query_parameters":{"partyPokemon":""},"timestamp":"2024-04-16T19:10:54.019Z"}
{"body":{},"endpoint":"/pokedex","ip":"::1","level":"info","method":"GET","path_parameters":{"0":"pokedex"},"query_parameters":{"partyPokemon":""},"timestamp":"2024-04-16T19:12:19.712Z"}
{"body":{},"endpoint":"/pokedex","ip":"::1","level":"info","method":"GET","path_parameters":{"0":"pokedex"},"query_parameters":{"partyPokemon":""},"timestamp":"2024-04-16T19:17:23.571Z"}
{"body":{},"endpoint":"/pokedex","ip":"::1","level":"info","method":"GET","path_parameters":{"0":"pokedex"},"query_parameters":{"partyPokemon":""},"timestamp":"2024-04-16T19:17:48.283Z"}
{"body":{},"endpoint":"/pokedex","ip":"::1","level":"info","method":"GET","path_parameters":{"0":"pokedex"},"query_parameters":{"partyPokemon":""},"timestamp":"2024-04-16T19:20:51.379Z"}
{"body":{},"endpoint":"/pokedex","ip":"::1","level":"info","method":"GET","path_parameters":{"0":"pokedex"},"query_parameters":{"partyPokemon":""},"timestamp":"2024-04-16T19:24:15.271Z"}
{"body":{},"endpoint":"/pokedex","ip":"::1","level":"info","method":"GET","path_parameters":{"0":"pokedex"},"query_parameters":{"partyPokemon":""},"timestamp":"2024-04-16T19:25:01.518Z"}
{"body":{},"endpoint":"/pokedex","ip":"::1","level":"info","method":"GET","path_parameters":{"0":"pokedex"},"query_parameters":{"partyPokemon":""},"timestamp":"2024-04-16T19:48:21.014Z"}
{"body":{},"endpoint":"/pokedex","ip":"::1","level":"info","method":"GET","path_parameters":{"0":"pokedex"},"query_parameters":{"partyPokemon":""},"timestamp":"2024-04-16T19:49:27.023Z"}
{"body":{},"endpoint":"/pokedex","ip":"::1","level":"info","method":"GET","path_parameters":{"0":"pokedex"},"query_parameters":{"partyPokemon":""},"timestamp":"2024-04-16T19:50:08.646Z"}
{"body":{},"endpoint":"/pokedex","ip":"::1","level":"info","method":"GET","path_parameters":{"0":"pokedex"},"query_parameters":{"partyPokemon":""},"timestamp":"2024-04-16T19:51:31.526Z"}
{"body":{},"endpoint":"/pokedex","ip":"::1","level":"info","method":"GET","path_parameters":{"0":"pokedex"},"query_parameters":{"partyPokemon":""},"timestamp":"2024-04-16T19:52:10.393Z"}
{"body":{},"endpoint":"/pokedex","ip":"::1","level":"info","method":"GET","path_parameters":{"0":"pokedex"},"query_parameters":{"partyPokemon":""},"timestamp":"2024-04-16T19:52:30.796Z"}
{"body":{},"endpoint":"/pokedex","ip":"::1","level":"info","method":"GET","path_parameters":{"0":"pokedex"},"query_parameters":{"partyPokemon":""},"timestamp":"2024-04-16T19:52:41.678Z"}
{"body":{},"endpoint":"/pokedex","ip":"::1","level":"info","method":"GET","path_parameters":{"0":"pokedex"},"query_parameters":{"partyPokemon":""},"timestamp":"2024-04-17T02:21:25.323Z"}
{"body":{},"endpoint":"/pokedex","ip":"::1","level":"info","method":"GET","path_parameters":{"0":"pokedex"},"query_parameters":{"partyPokemon":""},"timestamp":"2024-04-17T02:22:29.972Z"}
{"body":{},"endpoint":"/pokedex","ip":"::1","level":"info","method":"GET","path_parameters":{"0":"pokedex"},"query_parameters":{"partyPokemon":""},"timestamp":"2024-04-17T02:23:04.474Z"}
{"body":{},"endpoint":"/pokedex","ip":"::1","level":"info","method":"GET","path_parameters":{"0":"pokedex"},"query_parameters":{"partyPokemon":""},"timestamp":"2024-04-17T02:29:04.721Z"}
{"body":{},"endpoint":"/pokedex","ip":"::1","level":"info","method":"GET","path_parameters":{"0":"pokedex"},"query_parameters":{"opponentPokemon":""},"timestamp":"2024-04-17T02:29:27.863Z"}
{"body":{},"endpoint":"/pokedex","errorCode":400,"ip":"::1","level":"info","message":"Query parameters do not meet requirements","method":"GET","path_parameters":{},"query_parameters":{"opponentPokemon":""},"timestamp":"2024-04-17T02:29:27.877Z"}
{"body":{},"endpoint":"/pokedex","ip":"::1","level":"info","method":"GET","path_parameters":{"0":"pokedex"},"query_parameters":{"oppoPokemon":""},"timestamp":"2024-04-17T02:30:16.198Z"}
{"body":{},"endpoint":"/pokedex","ip":"::1","level":"info","method":"GET","path_parameters":{"0":"pokedex"},"query_parameters":{"oppoPokemon":""},"timestamp":"2024-04-17T02:45:04.159Z"}
{"body":{},"endpoint":"/pokedex","ip":"::1","level":"info","method":"GET","path_parameters":{"0":"pokedex"},"query_parameters":{"oppoPokemon":""},"timestamp":"2024-04-17T03:49:14.669Z"}
{"body":{},"endpoint":"/pokedex","ip":"::1","level":"info","method":"GET","path_parameters":{"0":"pokedex"},"query_parameters":{"oppoPokemon":""},"timestamp":"2024-04-17T13:04:25.684Z"}
{"body":{},"endpoint":"/pokedex","ip":"::1","level":"info","method":"GET","path_parameters":{"0":"pokedex"},"query_parameters":{"partyPokemon":""},"timestamp":"2024-04-17T13:07:56.870Z"}
